1519724955089	geckodriver	INFO	geckodriver 0.19.1
1519724955105	geckodriver	INFO	Listening on 127.0.0.1:59800
1519724958196	mozrunner::runner	INFO	Running command: "C:\\Program Files (x86)\\Mozilla Firefox\\firefox.exe" "-marionette" "-profile" "C:\\Users\\user\\AppData\\Local\\Temp\\rust_mozprofile.N5Y2hn1uAJhy"
1519724959254	Marionette	INFO	Enabled via --marionette
[GFX1-]: Could not get a DXGI adapter
[GFX1-]: Could not get a DXGI adapter
Unable to read VR Path Registry from C:\Users\user\AppData\Local\openvr\openvrpaths.vrpath
[Child 3260, Chrome_ChildThread] WARNING: pipe error: 109: file z:/build/build/src/ipc/chromium/src/chrome/common/ipc_channel_win.cc, line 346
[GFX1-]: Could not get a DXGI adapter
1519724961561	Marionette	INFO	Listening on port 59815
1519724961996	Marionette	WARN	TLS certificate errors will be ignored for this session
1519724962073	Marionette	DEBUG	Register listener.js for window 4294967297
1519724962111	Marionette	DEBUG	Received DOM event "beforeunload" for "about:blank"
1519724964486	Marionette	DEBUG	Received DOM event "pagehide" for "about:blank"
1519724964487	Marionette	DEBUG	Received DOM event "unload" for "about:blank"
1519724964516	Marionette	DEBUG	Received DOM event "DOMContentLoaded" for "https://weibo.cn/pub/"
1519724965365	Marionette	DEBUG	Received DOM event "pageshow" for "https://weibo.cn/pub/"
1519724970357	Marionette	DEBUG	Canceled page load listener because no navigation has been detected
ent "pageshow" for "https://weibo.cn/pub/"
1519720851536	Marionette	DEBUG	Canceled page load listener because no navigation has been detected
ead VR Path Registry from C:\Users\user\AppData\Local\openvr\openvrpaths.vrpath
[Child 8608, Chrome_ChildThread] WARNING: pipe error: 109: file z:/build/build/src/ipc/chromium/src/chrome/common/ipc_channel_win.cc, line 346
[Child 8608, Chrome_ChildThread] WARNING: pipe error: 109: file z:/build/build/src/ipc/chromium/src/chrome/common/ipc_channel_win.cc, line 346
[Child 7852, Chrome_ChildThread] WARNING: pipe error: 109: file z:/build/build/src/ipc/chromium/src/chrome/common/ipc_channel_win.cc, line 346
ble to read VR Path Registry from C:\Users\user\AppData\Local\openvr\openvrpaths.vrpath
[Child 6460, Chrome_ChildThread] WARNING: pipe error: 109: file z:/build/build/src/ipc/chromium/src/chrome/common/ipc_channel_win.cc, line 346
. Ignoring timer registration for id: telemetry_modules_ping
Unable to read VR Path Registry from C:\Users\user\AppData\Local\openvr\openvrpaths.vrpath
[GPU 7264, Chrome_ChildThread] WARNING: pipe error: 109: file z:/build/build/src/ipc/chromium/src/chrome/common/ipc_channel_win.cc, line 346

###!!! [Child][MessageChannel::SendAndWait] Error: Channel error: cannot send/recv

Unable to read VR Path Registry from C:\Users\user\AppData\Local\openvr\openvrpaths.vrpath
e to read VR Path Registry from C:\Users\user\AppData\Local\openvr\openvrpaths.vrpath
Registry from C:\Users\user\AppData\Local\openvr\openvrpaths.vrpath
[Child 9592, Chrome_ChildThread] WARNING: pipe error: 109: file z:/build/build/src/ipc/chromium/src/chrome/common/ipc_channel_win.cc, line 346
[Child 9592, Chrome_ChildThread] WARNING: pipe error: 109: file z:/build/build/src/ipc/chromium/src/chrome/common/ipc_channel_win.cc, line 346
Unable to read VR Path Registry from C:\Users\user\AppData\Local\openvr\openvrpaths.vrpath
[Child 9832, Chrome_ChildThread] WARNING: pipe error: 109: file z:/build/build/src/ipc/chromium/src/chrome/common/ipc_channel_win.cc, line 346
[Child 9832, Chrome_ChildThread] WARNING: pipe error: 109: file z:/build/build/src/ipc/chromium/src/chrome/common/ipc_channel_win.cc, line 346
*** UTM:SVC TimerManager:registerTimer called after profile-before-change notification. Ignoring timer registration for id: telemetry_modules_ping
Unable to read VR Path Registry from C:\Users\user\AppData\Local\openvr\openvrpaths.vrpath
[GPU 8104, Chrome_ChildThread] WARNING: pipe error: 109: file z:/build/build/src/ipc/chromium/src/chrome/common/ipc_channel_win.cc, line 346

###!!! [Child][MessageChannel::SendAndWait] Error: Channel error: cannot send/recv

